#
# A fatal error has been detected by the Java Runtime Environment:
#
#  EXCEPTION_ACCESS_VIOLATION (0xc0000005) at pc=0x00007ff8bb66cac8, pid=4224, tid=8632
#
# JRE version: OpenJDK Runtime Environment Temurin-17.0.10+7 (17.0.10+7) (build 17.0.10+7)
# Java VM: OpenJDK 64-Bit Server VM Temurin-17.0.10+7 (17.0.10+7, mixed mode, tiered, compressed oops, compressed class ptrs, parallel gc, windows-amd64)
# Problematic frame:
# V  [jvm.dll+0xcac8]
#
# No core dump will be written. Minidumps are not enabled by default on client versions of Windows
#
# If you would like to submit a bug report, please visit:
#   https://github.com/adoptium/adoptium-support/issues
#

---------------  S U M M A R Y ------------

Command Line: --add-modules=ALL-SYSTEM --add-opens=java.base/java.util=ALL-UNNAMED --add-opens=java.base/java.lang=ALL-UNNAMED --add-opens=java.base/sun.nio.fs=ALL-UNNAMED -Declipse.application=org.eclipse.jdt.ls.core.id1 -Dosgi.bundles.defaultStartLevel=4 -Declipse.product=org.eclipse.jdt.ls.core.product -Djava.import.generatesMetadataFilesAtProjectRoot=false -DDetectVMInstallationsJob.disabled=true -Dfile.encoding=utf8 -XX:+UseParallelGC -XX:GCTimeRatio=4 -XX:AdaptiveSizePolicyWeight=90 -Dsun.zip.disableMemoryMapping=true -Xmx1G -Xms100m -Xlog:disable -javaagent:c:\Users\willy\.vscode\extensions\redhat.java-1.29.0-win32-x64\lombok\lombok-1.18.32.jar -XX:+HeapDumpOnOutOfMemoryError -XX:HeapDumpPath=c:\Users\willy\AppData\Roaming\Code\User\workspaceStorage\96770c8bf1765a15b59ed7d6b6e8912e\redhat.java -Daether.dependencyCollector.impl=bf c:\Users\willy\.vscode\extensions\redhat.java-1.29.0-win32-x64\server\plugins\org.eclipse.equinox.launcher_1.6.800.v20240304-1850.jar -configuration c:\Users\willy\AppData\Roaming\Code\User\globalStorage\redhat.java\1.29.0\config_win -data c:\Users\willy\AppData\Roaming\Code\User\workspaceStorage\96770c8bf1765a15b59ed7d6b6e8912e\redhat.java\jdt_ws --stdio

Host: AMD Ryzen 5 2600 Six-Core Processor            , 12 cores, 23G,  Windows 10 , 64 bit Build 19041 (10.0.19041.3636)
Time: Fri Apr 19 16:46:30 2024 US Mountain Standard Time elapsed time: 5.777206 seconds (0d 0h 0m 5s)

---------------  T H R E A D  ---------------

Current thread (0x000001b5b6285560):  GCTaskThread "GC Thread#5" [stack: 0x00000042ced00000,0x00000042cee00000] [id=8632]

Stack: [0x00000042ced00000,0x00000042cee00000],  sp=0x00000042cedffa78,  free space=1022k
Native frames: (J=compiled Java code, j=interpreted, Vv=VM code, C=native code)
V  [jvm.dll+0xcac8]


siginfo: EXCEPTION_ACCESS_VIOLATION (0xc0000005), reading address 0x0000000180041b60


Registers:
RAX=0x0000000000000001, RBX=0x0000000030000001, RCX=0x0000000000000003, RDX=0x00000000ebb33f80
RSP=0x00000042cedffa78, RBP=0x0000000000000000, RSI=0x00000000ec215a0c, RDI=0x000001b5af939d80
R8 =0x0000000180041b58, R9 =0x0000000000000001, R10=0x0000000000000000, R11=0x000001b5af939d80
R12=0x0000000000000000, R13=0x0000000000000010, R14=0x00000000ebb33f80, R15=0x000001b5af939d80
RIP=0x00007ff8bb66cac8, EFLAGS=0x0000000000010202


Register to memory mapping:

RIP=0x00007ff8bb66cac8 jvm.dll
RAX=0x0000000000000001 is an unknown value
RBX=0x0000000030000001 is an unknown value
RCX=0x0000000000000003 is an unknown value
RDX=0x00000000ebb33f80 is an oop: java.lang.String 
{0x00000000ebb33f80} - klass: 'java/lang/String'
 - string: "HttpCookie$11"
RSP=0x00000042cedffa78 points into unknown readable memory: 0x00007ff8bbd1a5e1 | e1 a5 d1 bb f8 7f 00 00
RBP=0x0 is NULL
RSI=0x00000000ec215a0c points into unknown readable memory: 80 3f b3 eb
RDI=0x000001b5af939d80 points into unknown readable memory: 0x00007ff8bc011db8 | b8 1d 01 bc f8 7f 00 00
R8 =0x0000000180041b58 is an unknown value
R9 =0x0000000000000001 is an unknown value
R10=0x0 is NULL
R11=0x000001b5af939d80 points into unknown readable memory: 0x00007ff8bc011db8 | b8 1d 01 bc f8 7f 00 00
R12=0x0 is NULL
R13=0x0000000000000010 is an unknown value
R14=0x00000000ebb33f80 is an oop: java.lang.String 
{0x00000000ebb33f80} - klass: 'java/lang/String'
 - string: "HttpCookie$11"
R15=0x000001b5af939d80 points into unknown readable memory: 0x00007ff8bc011db8 | b8 1d 01 bc f8 7f 00 00


Top of Stack: (sp=0x00000042cedffa78)
0x00000042cedffa78:   00007ff8bbd1a5e1 000000000000000c
0x00000042cedffa88:   00000000000000a3 00000000ec2161c4
0x00000042cedffa98:   0000000000000071 0000000000000001
0x00000042cedffaa8:   00007ff8bbd1b820 000001b5af939d80
0x00000042cedffab8:   0000000000000000 0000000000000001
0x00000042cedffac8:   00007ff8bbe47bae 0000000000000010
0x00000042cedffad8:   0000000000000000 000000000000000c
0x00000042cedffae8:   000000000000003f 00000000ec215a0c
0x00000042cedffaf8:   0000000000000000 0000000030000001
0x00000042cedffb08:   00007ff8bbd1b4a0 000001b5af939d80
0x00000042cedffb18:   00007ff8bbd1cca0 0000000030000001
0x00000042cedffb28:   000001b5b7aeeb00 00000042cedffc38
0x00000042cedffb38:   00000042cdaff1b8 0000000000000004
0x00000042cedffb48:   000001b5b65445b0 0000000000000005
0x00000042cedffb58:   0000000000000004 00000042cdaff210
0x00000042cedffb68:   00000042cedffc49 000001b5af939d80
0x00000042cedffb78:   00007ff8bbd1dffd 0000000000000005
0x00000042cedffb88:   00000042cdaff001 00000042cdaff1f0
0x00000042cedffb98:   00000042cedffc49 00000042cdaff0b0
0x00000042cedffba8:   00007ff8bbd1e4ef 0000000000000000
0x00000042cedffbb8:   00000042cedffc49 00000042cdaff1f0
0x00000042cedffbc8:   00000042cdaff1f0 000001b5af939d80
0x00000042cedffbd8:   0000000000000004 000000000000000a
0x00000042cedffbe8:   00000042cdafec18 0000000400000002
0x00000042cedffbf8:   000001b5af939d80 00007ff8bc011f08
0x00000042cedffc08:   000001b5af939d80 00000042cdaff0b0
0x00000042cedffc18:   000001b5b4e30650 00000000000003d8
0x00000042cedffc28:   000001b5b4e30660 000001b5b4e30a38
0x00000042cedffc38:   00007ff8bc012058 0000000000000004
0x00000042cedffc48:   0000000000000000 0000000000000000
0x00000042cedffc58:   0000000000000000 0000000000000000
0x00000042cedffc68:   000087860efc29d1 0000000000000000 

Instructions: (pc=0x00007ff8bb66cac8)
0x00007ff8bb66c9c8:   48 83 c4 20 5e c3 cc cc 48 8b 01 c3 cc cc cc cc
0x00007ff8bb66c9d8:   cc cc cc cc cc cc cc cc 4c 8b 01 4c 8b c9 48 8b
0x00007ff8bb66c9e8:   0d e3 60 b6 00 ba 44 60 08 00 e9 d9 f1 ff ff cc
0x00007ff8bb66c9f8:   cc cc cc cc cc cc cc cc 48 89 5c 24 08 57 48 83
0x00007ff8bb66ca08:   ec 20 48 8b 39 48 8b d9 48 85 3d 01 4a bb 00 75
0x00007ff8bb66ca18:   0e 48 8b c7 48 8b 5c 24 30 48 83 c4 20 5f c3 48
0x00007ff8bb66ca28:   8b cf e8 41 98 85 00 48 8b d0 48 85 c0 74 20 48
0x00007ff8bb66ca38:   8b c7 f0 48 0f b1 13 74 16 48 85 05 d0 49 bb 00
0x00007ff8bb66ca48:   74 0d 48 8b c8 f0 48 0f b1 13 48 3b c1 75 ea 48
0x00007ff8bb66ca58:   8b 5c 24 30 48 8b c2 48 83 c4 20 5f c3 cc cc cc
0x00007ff8bb66ca68:   cc cc cc cc cc cc cc cc 4c 8b 01 4c 8b c9 48 8b
0x00007ff8bb66ca78:   0d 53 60 b6 00 ba 64 60 08 00 e9 49 f1 ff ff cc
0x00007ff8bb66ca88:   cc cc cc cc cc cc cc cc 8b 05 62 a8 b0 00 c3 cc
0x00007ff8bb66ca98:   cc cc cc cc cc cc cc cc 0f b6 05 db 68 b7 00 48
0x00007ff8bb66caa8:   8b d1 84 c0 74 16 44 8b 41 08 8b 0d 40 a8 b0 00
0x00007ff8bb66cab8:   49 d3 e0 4c 03 05 2e a8 b0 00 eb 04 4c 8b 41 08
0x00007ff8bb66cac8:   45 8b 50 08 45 85 d2 7e 0e 41 f6 c2 01 75 53 41
0x00007ff8bb66cad8:   c1 fa 03 41 8b c2 c3 79 49 84 c0 b9 10 00 00 00
0x00007ff8bb66cae8:   8b 05 46 b7 b0 00 41 b8 0c 00 00 00 41 0f 45 c8
0x00007ff8bb66caf8:   ff c8 4c 63 c8 48 63 14 11 41 8b ca 83 e1 3f 48
0x00007ff8bb66cb08:   d3 e2 41 8b ca 48 c1 f9 10 0f b6 c1 49 8d 0c 11
0x00007ff8bb66cb18:   49 f7 d1 48 03 c1 49 c1 e9 03 48 c1 e8 03 41 23
0x00007ff8bb66cb28:   c1 c3 49 8b 00 49 8b c8 48 ff a0 00 01 00 00 cc
0x00007ff8bb66cb38:   cc cc cc cc cc cc cc cc 8b 44 24 30 45 03 c9 44
0x00007ff8bb66cb48:   2b 4c 24 28 83 c0 0b 44 03 ca 45 03 c8 41 03 c1
0x00007ff8bb66cb58:   c3 cc cc cc cc cc cc cc 4c 8b ca 48 8b d1 45 8b
0x00007ff8bb66cb68:   41 08 45 85 c0 7e 0e 41 f6 c0 01 75 56 41 c1 f8
0x00007ff8bb66cb78:   03 41 8b c0 c3 79 4c 80 3d fc 67 b7 00 00 b8 0c
0x00007ff8bb66cb88:   00 00 00 b9 10 00 00 00 0f 45 c8 8b 05 9b b6 b0
0x00007ff8bb66cb98:   00 ff c8 4c 63 c8 48 63 14 11 41 8b c8 83 e1 3f
0x00007ff8bb66cba8:   48 d3 e2 41 8b c8 48 c1 f9 10 0f b6 c1 49 8d 0c
0x00007ff8bb66cbb8:   11 49 f7 d1 48 03 c1 49 c1 e9 03 48 c1 e8 03 41 


Stack slot to memory mapping:
stack at sp + 0 slots: 0x00007ff8bbd1a5e1 jvm.dll
stack at sp + 1 slots: 0x000000000000000c is an unknown value
stack at sp + 2 slots: 0x00000000000000a3 is an unknown value
stack at sp + 3 slots: 0x00000000ec2161c4 points into unknown readable memory: c8 61 21 ec
stack at sp + 4 slots: 0x0000000000000071 is an unknown value
stack at sp + 5 slots: 0x0000000000000001 is an unknown value
stack at sp + 6 slots: 0x00007ff8bbd1b820 jvm.dll
stack at sp + 7 slots: 0x000001b5af939d80 points into unknown readable memory: 0x00007ff8bc011db8 | b8 1d 01 bc f8 7f 00 00


---------------  P R O C E S S  ---------------

Threads class SMR info:
_java_thread_list=0x000001b5b7aa0ee0, length=30, elements={
0x000001b59bab15e0, 0x000001b5b4c35900, 0x000001b5b4c39070, 0x000001b5b4c692f0,
0x000001b5b4c6e1b0, 0x000001b5b4c6fbe0, 0x000001b5b4c75900, 0x000001b5b4c7cf20,
0x000001b5b4c7d920, 0x000001b5b4c7e320, 0x000001b5af82bfc0, 0x000001b5b4e0a910,
0x000001b5b61ff740, 0x000001b5b6d183a0, 0x000001b5b72d0010, 0x000001b5b69ab3f0,
0x000001b5b746fb70, 0x000001b5b742a0d0, 0x000001b5b6c37f80, 0x000001b5b752b450,
0x000001b5b75295f0, 0x000001b5b752b960, 0x000001b5b79525c0, 0x000001b5b75290e0,
0x000001b5b75286c0, 0x000001b5b7529b00, 0x000001b5b752a520, 0x000001b5b752af40,
0x000001b5b7528bd0, 0x000001b5b953bff0
}

Java Threads: ( => current thread )
  0x000001b59bab15e0 JavaThread "main" [_thread_blocked, id=18612, stack(0x00000042cd800000,0x00000042cd900000)]
  0x000001b5b4c35900 JavaThread "Reference Handler" daemon [_thread_blocked, id=20340, stack(0x00000042cdb00000,0x00000042cdc00000)]
  0x000001b5b4c39070 JavaThread "Finalizer" daemon [_thread_blocked, id=19968, stack(0x00000042cdc00000,0x00000042cdd00000)]
  0x000001b5b4c692f0 JavaThread "Signal Dispatcher" daemon [_thread_blocked, id=9916, stack(0x00000042cdd00000,0x00000042cde00000)]
  0x000001b5b4c6e1b0 JavaThread "Attach Listener" daemon [_thread_blocked, id=20364, stack(0x00000042cde00000,0x00000042cdf00000)]
  0x000001b5b4c6fbe0 JavaThread "Service Thread" daemon [_thread_blocked, id=18504, stack(0x00000042cdf00000,0x00000042ce000000)]
  0x000001b5b4c75900 JavaThread "Monitor Deflation Thread" daemon [_thread_blocked, id=6324, stack(0x00000042ce000000,0x00000042ce100000)]
  0x000001b5b4c7cf20 JavaThread "C2 CompilerThread0" daemon [_thread_blocked, id=10556, stack(0x00000042ce100000,0x00000042ce200000)]
  0x000001b5b4c7d920 JavaThread "C1 CompilerThread0" daemon [_thread_blocked, id=2156, stack(0x00000042ce200000,0x00000042ce300000)]
  0x000001b5b4c7e320 JavaThread "Sweeper thread" daemon [_thread_blocked, id=14248, stack(0x00000042ce300000,0x00000042ce400000)]
  0x000001b5af82bfc0 JavaThread "Common-Cleaner" daemon [_thread_blocked, id=8788, stack(0x00000042ce400000,0x00000042ce500000)]
  0x000001b5b4e0a910 JavaThread "C2 CompilerThread1" daemon [_thread_blocked, id=14672, stack(0x00000042ce500000,0x00000042ce600000)]
  0x000001b5b61ff740 JavaThread "Notification Thread" daemon [_thread_blocked, id=8440, stack(0x00000042ce600000,0x00000042ce700000)]
  0x000001b5b6d183a0 JavaThread "Active Thread: Equinox Container: 045c0513-1c8b-415f-adf9-bb437f706930" [_thread_blocked, id=5888, stack(0x00000042cef00000,0x00000042cf000000)]
  0x000001b5b72d0010 JavaThread "Framework Event Dispatcher: Equinox Container: 045c0513-1c8b-415f-adf9-bb437f706930" daemon [_thread_blocked, id=13200, stack(0x00000042cf000000,0x00000042cf100000)]
  0x000001b5b69ab3f0 JavaThread "Start Level: Equinox Container: 045c0513-1c8b-415f-adf9-bb437f706930" daemon [_thread_blocked, id=7324, stack(0x00000042cf100000,0x00000042cf200000)]
  0x000001b5b746fb70 JavaThread "Bundle File Closer" daemon [_thread_blocked, id=16724, stack(0x00000042cf300000,0x00000042cf400000)]
  0x000001b5b742a0d0 JavaThread "SCR Component Actor" daemon [_thread_blocked, id=16652, stack(0x00000042cf400000,0x00000042cf500000)]
  0x000001b5b6c37f80 JavaThread "SCR Component Registry" daemon [_thread_blocked, id=20224, stack(0x00000042cf600000,0x00000042cf700000)]
  0x000001b5b752b450 JavaThread "Worker-JM" [_thread_blocked, id=14156, stack(0x00000042ce800000,0x00000042ce900000)]
  0x000001b5b75295f0 JavaThread "Worker-0" [_thread_blocked, id=19216, stack(0x00000042cf800000,0x00000042cf900000)]
  0x000001b5b752b960 JavaThread "Worker-1" [_thread_blocked, id=19772, stack(0x00000042cf900000,0x00000042cfa00000)]
  0x000001b5b79525c0 JavaThread "C2 CompilerThread2" daemon [_thread_blocked, id=15980, stack(0x00000042cfa00000,0x00000042cfb00000)]
  0x000001b5b75290e0 JavaThread "Java indexing" daemon [_thread_blocked, id=19972, stack(0x00000042cfb00000,0x00000042cfc00000)]
  0x000001b5b75286c0 JavaThread "JNA Cleaner" daemon [_thread_blocked, id=8956, stack(0x00000042cfc00000,0x00000042cfd00000)]
  0x000001b5b7529b00 JavaThread "pool-2-thread-1" [_thread_blocked, id=18456, stack(0x00000042cfd00000,0x00000042cfe00000)]
  0x000001b5b752a520 JavaThread "Worker-2: Initialize Workspace" [_thread_blocked, id=8144, stack(0x00000042cfe00000,0x00000042cff00000)]
  0x000001b5b752af40 JavaThread "WorkspaceEventsHandler" [_thread_blocked, id=13780, stack(0x00000042cff00000,0x00000042d0000000)]
  0x000001b5b7528bd0 JavaThread "pool-1-thread-1" [_thread_blocked, id=13408, stack(0x00000042d0000000,0x00000042d0100000)]
  0x000001b5b953bff0 JavaThread "Worker-3" [_thread_blocked, id=17016, stack(0x00000042d0100000,0x00000042d0200000)]

Other Threads:
  0x000001b59bb6e850 VMThread "VM Thread" [stack: 0x00000042cda00000,0x00000042cdb00000] [id=3068]
  0x000001b5b61ffc20 WatcherThread [stack: 0x00000042ce700000,0x00000042ce800000] [id=12116]
  0x000001b59bac9c70 GCTaskThread "GC Thread#0" [stack: 0x00000042cd900000,0x00000042cda00000] [id=13800]
  0x000001b5b62863f0 GCTaskThread "GC Thread#1" [stack: 0x00000042ce900000,0x00000042cea00000] [id=17308]
  0x000001b5b68395d0 GCTaskThread "GC Thread#2" [stack: 0x00000042cea00000,0x00000042ceb00000] [id=4644]
  0x000001b5b6839890 GCTaskThread "GC Thread#3" [stack: 0x00000042ceb00000,0x00000042cec00000] [id=14624]
  0x000001b5b62852a0 GCTaskThread "GC Thread#4" [stack: 0x00000042cec00000,0x00000042ced00000] [id=17336]
=>0x000001b5b6285560 GCTaskThread "GC Thread#5" [stack: 0x00000042ced00000,0x00000042cee00000] [id=8632]
  0x000001b5b6285820 GCTaskThread "GC Thread#6" [stack: 0x00000042cee00000,0x00000042cef00000] [id=20100]
  0x000001b5b666cb50 GCTaskThread "GC Thread#7" [stack: 0x00000042cf200000,0x00000042cf300000] [id=1456]
  0x000001b5b6f77920 GCTaskThread "GC Thread#8" [stack: 0x00000042cf500000,0x00000042cf600000] [id=16456]
  0x000001b5b757b9d0 GCTaskThread "GC Thread#9" [stack: 0x00000042cf700000,0x00000042cf800000] [id=8352]

Threads with active compile tasks:
C2 CompilerThread0     5824 5775   !   4       jdk.internal.jrtfs.JrtFileSystem::lookup (23 bytes)
C2 CompilerThread1     5824 5771       4       jdk.internal.jrtfs.JrtFileSystem::checkNode (40 bytes)
C2 CompilerThread2     5824 5804       4       jdk.internal.jrtfs.JrtPath::getFileName (78 bytes)

VM state: at safepoint (normal execution)

VM Mutex/Monitor currently owned by a thread:  ([mutex/lock_event])
[0x000001b59baac9c0] Threads_lock - owner thread: 0x000001b59bb6e850
[0x000001b59baac300] Heap_lock - owner thread: 0x000001b5b752a520

Heap address: 0x00000000c0000000, size: 1024 MB, Compressed Oops mode: 32-bit

CDS archive(s) not mapped
Compressed class space mapped at: 0x0000000100000000-0x0000000140000000, reserved size: 1073741824
Narrow klass base: 0x0000000000000000, Narrow klass shift: 3, Narrow klass range: 0x140000000

GC Precious Log:
 CPUs: 12 total, 12 available
 Memory: 24508M
 Large Page Support: Disabled
 NUMA Support: Disabled
 Compressed Oops: Enabled (32-bit)
 Alignments: Space 512K, Generation 512K, Heap 2M
 Heap Min Capacity: 100M
 Heap Initial Capacity: 100M
 Heap Max Capacity: 1G
 Pre-touch: Disabled
 Parallel Workers: 10

Heap:
 PSYoungGen      total 24064K, used 24000K [0x00000000eab00000, 0x00000000ec480000, 0x0000000100000000)
  eden space 22016K, 100% used [0x00000000eab00000,0x00000000ec080000,0x00000000ec080000)
  from space 2048K, 96% used [0x00000000ec280000,0x00000000ec470000,0x00000000ec480000)
  to   space 2048K, 100% used [0x00000000ec080000,0x00000000ec280000,0x00000000ec280000)
 ParOldGen       total 68608K, used 28392K [0x00000000c0000000, 0x00000000c4300000, 0x00000000eab00000)
  object space 68608K, 41% used [0x00000000c0000000,0x00000000c1bba038,0x00000000c4300000)
 Metaspace       used 52198K, committed 53184K, reserved 1114112K
  class space    used 5668K, committed 6144K, reserved 1048576K

Card table byte_map: [0x000001b59b470000,0x000001b59b680000] _byte_map_base: 0x000001b59ae70000

Marking Bits: (ParMarkBitMap*) 0x00007ff8bc1fd7d0
 Begin Bits: [0x000001b5ad750000, 0x000001b5ae750000)
 End Bits:   [0x000001b5ae750000, 0x000001b5af750000)

Polling page: 0x000001b5998e0000

Metaspace:

Usage:
  Non-class:     45.44 MB used.
      Class:      5.54 MB used.
       Both:     50.98 MB used.

Virtual space:
  Non-class space:       64.00 MB reserved,      45.94 MB ( 72%) committed,  1 nodes.
      Class space:        1.00 GB reserved,       6.00 MB ( <1%) committed,  1 nodes.
             Both:        1.06 GB reserved,      51.94 MB (  5%) committed. 

Chunk freelists:
   Non-Class:  2.08 MB
       Class:  10.05 MB
        Both:  12.12 MB

MaxMetaspaceSize: unlimited
CompressedClassSpaceSize: 1.00 GB
Initial GC threshold: 21.00 MB
Current GC threshold: 58.38 MB
CDS: off
MetaspaceReclaimPolicy: balanced
 - commit_granule_bytes: 65536.
 - commit_granule_words: 8192.
 - virtual_space_node_default_size: 8388608.
 - enlarge_chunks_in_place: 1.
 - new_chunks_are_fully_committed: 0.
 - uncommit_free_chunks: 1.
 - use_allocation_guard: 0.
 - handle_deallocations: 1.


Internal statistics:

num_allocs_failed_limit: 6.
num_arena_births: 574.
num_arena_deaths: 14.
num_vsnodes_births: 2.
num_vsnodes_deaths: 0.
num_space_committed: 831.
num_space_uncommitted: 0.
num_chunks_returned_to_freelist: 20.
num_chunks_taken_from_freelist: 2439.
num_chunk_merges: 11.
num_chunk_splits: 1592.
num_chunks_enlarged: 1056.
num_inconsistent_stats: 0.

CodeHeap 'non-profiled nmethods': size=120000Kb used=2844Kb max_used=2844Kb free=117155Kb
 bounds [0x000001b5a6220000, 0x000001b5a6500000, 0x000001b5ad750000]
CodeHeap 'profiled nmethods': size=120000Kb used=9936Kb max_used=10673Kb free=110063Kb
 bounds [0x000001b59e750000, 0x000001b59f1c0000, 0x000001b5a5c80000]
CodeHeap 'non-nmethods': size=5760Kb used=1299Kb max_used=1361Kb free=4460Kb
 bounds [0x000001b5a5c80000, 0x000001b5a5ef0000, 0x000001b5a6220000]
 total_blobs=5666 nmethods=5034 adapters=545
 compilation: enabled
              stopped_count=0, restarted_count=0
 full_count=0

Compilation events (20 events):
Event: 5.693 Thread 0x000001b5b4c7d920 5879       2       java.util.RegularEnumSet::<init> (12 bytes)
Event: 5.693 Thread 0x000001b5b4c7d920 nmethod 5879 0x000001b59ec41490 code [0x000001b59ec41620, 0x000001b59ec41758]
Event: 5.693 Thread 0x000001b5b4c7d920 5880       2       java.util.EnumSet::<init> (15 bytes)
Event: 5.693 Thread 0x000001b5b4c7d920 nmethod 5880 0x000001b59ec41110 code [0x000001b59ec412a0, 0x000001b59ec413d8]
Event: 5.694 Thread 0x000001b5b4c7cf20 nmethod 5773 0x000001b5a64e8590 code [0x000001b5a64e8920, 0x000001b5a64ebfa0]
Event: 5.695 Thread 0x000001b5b4c7cf20 5872       4       java.util.stream.SpinedBuffer::clear (88 bytes)
Event: 5.696 Thread 0x000001b5b4c7cf20 nmethod 5872 0x000001b5a625b190 code [0x000001b5a625b300, 0x000001b5a625b3f8]
Event: 5.696 Thread 0x000001b5b4c7cf20 5774       4       jdk.internal.jrtfs.JrtPath::getResolvedPath (39 bytes)
Event: 5.699 Thread 0x000001b5b4c7cf20 nmethod 5774 0x000001b5a625aa10 code [0x000001b5a625aba0, 0x000001b5a625ae88]
Event: 5.699 Thread 0x000001b5b4c7cf20 5775   !   4       jdk.internal.jrtfs.JrtFileSystem::lookup (23 bytes)
Event: 5.747 Thread 0x000001b5b4c7d920 5894       2       org.eclipse.jdt.internal.core.JavaModelManager$10::put (13 bytes)
Event: 5.747 Thread 0x000001b5b4c7d920 nmethod 5894 0x000001b59ec40c10 code [0x000001b59ec40dc0, 0x000001b59ec40fc8]
Event: 5.747 Thread 0x000001b5b4c7d920 5895       2       org.eclipse.jdt.internal.core.JavaModelManager$10::put (10 bytes)
Event: 5.747 Thread 0x000001b5b4c7d920 nmethod 5895 0x000001b59ec40810 code [0x000001b59ec409c0, 0x000001b59ec40b28]
Event: 5.760 Thread 0x000001b5b79525c0 nmethod 5816 0x000001b5a64ee190 code [0x000001b5a64ee560, 0x000001b5a64f21e8]
Event: 5.760 Thread 0x000001b5b79525c0 5781       4       jdk.internal.jrtfs.SystemImage$1::findNode (9 bytes)
Event: 5.761 Thread 0x000001b5b79525c0 nmethod 5781 0x000001b5a625a690 code [0x000001b5a625a820, 0x000001b5a625a908]
Event: 5.761 Thread 0x000001b5b79525c0 5791       4       jdk.internal.jrtfs.JrtPath::getFileSystem (5 bytes)
Event: 5.761 Thread 0x000001b5b79525c0 nmethod 5791 0x000001b5a625a390 code [0x000001b5a625a500, 0x000001b5a625a578]
Event: 5.761 Thread 0x000001b5b79525c0 5804       4       jdk.internal.jrtfs.JrtPath::getFileName (78 bytes)

GC Heap History (20 events):
Event: 3.724 GC heap after
{Heap after GC invocations=13 (full 2):
 PSYoungGen      total 24576K, used 1273K [0x00000000eab00000, 0x00000000ec700000, 0x0000000100000000)
  eden space 23040K, 0% used [0x00000000eab00000,0x00000000eab00000,0x00000000ec180000)
  from space 1536K, 82% used [0x00000000ec200000,0x00000000ec33e638,0x00000000ec380000)
  to   space 2560K, 0% used [0x00000000ec480000,0x00000000ec480000,0x00000000ec700000)
 ParOldGen       total 68608K, used 15045K [0x00000000c0000000, 0x00000000c4300000, 0x00000000eab00000)
  object space 68608K, 21% used [0x00000000c0000000,0x00000000c0eb1558,0x00000000c4300000)
 Metaspace       used 38375K, committed 39296K, reserved 1114112K
  class space    used 3872K, committed 4288K, reserved 1048576K
}
Event: 3.938 GC heap before
{Heap before GC invocations=14 (full 2):
 PSYoungGen      total 24576K, used 24313K [0x00000000eab00000, 0x00000000ec700000, 0x0000000100000000)
  eden space 23040K, 100% used [0x00000000eab00000,0x00000000ec180000,0x00000000ec180000)
  from space 1536K, 82% used [0x00000000ec200000,0x00000000ec33e638,0x00000000ec380000)
  to   space 2560K, 0% used [0x00000000ec480000,0x00000000ec480000,0x00000000ec700000)
 ParOldGen       total 68608K, used 15045K [0x00000000c0000000, 0x00000000c4300000, 0x00000000eab00000)
  object space 68608K, 21% used [0x00000000c0000000,0x00000000c0eb1558,0x00000000c4300000)
 Metaspace       used 41185K, committed 42048K, reserved 1114112K
  class space    used 4247K, committed 4608K, reserved 1048576K
}
Event: 3.941 GC heap after
{Heap after GC invocations=14 (full 2):
 PSYoungGen      total 23552K, used 928K [0x00000000eab00000, 0x00000000ec580000, 0x0000000100000000)
  eden space 22528K, 0% used [0x00000000eab00000,0x00000000eab00000,0x00000000ec100000)
  from space 1024K, 90% used [0x00000000ec480000,0x00000000ec568000,0x00000000ec580000)
  to   space 1536K, 0% used [0x00000000ec280000,0x00000000ec280000,0x00000000ec400000)
 ParOldGen       total 68608K, used 16180K [0x00000000c0000000, 0x00000000c4300000, 0x00000000eab00000)
  object space 68608K, 23% used [0x00000000c0000000,0x00000000c0fcd340,0x00000000c4300000)
 Metaspace       used 41185K, committed 42048K, reserved 1114112K
  class space    used 4247K, committed 4608K, reserved 1048576K
}
Event: 4.236 GC heap before
{Heap before GC invocations=15 (full 2):
 PSYoungGen      total 23552K, used 23456K [0x00000000eab00000, 0x00000000ec580000, 0x0000000100000000)
  eden space 22528K, 100% used [0x00000000eab00000,0x00000000ec100000,0x00000000ec100000)
  from space 1024K, 90% used [0x00000000ec480000,0x00000000ec568000,0x00000000ec580000)
  to   space 1536K, 0% used [0x00000000ec280000,0x00000000ec280000,0x00000000ec400000)
 ParOldGen       total 68608K, used 16180K [0x00000000c0000000, 0x00000000c4300000, 0x00000000eab00000)
  object space 68608K, 23% used [0x00000000c0000000,0x00000000c0fcd340,0x00000000c4300000)
 Metaspace       used 42780K, committed 43712K, reserved 1114112K
  class space    used 4474K, committed 4864K, reserved 1048576K
}
Event: 4.238 GC heap after
{Heap after GC invocations=15 (full 2):
 PSYoungGen      total 23552K, used 704K [0x00000000eab00000, 0x00000000ec500000, 0x0000000100000000)
  eden space 22016K, 0% used [0x00000000eab00000,0x00000000eab00000,0x00000000ec080000)
  from space 1536K, 45% used [0x00000000ec280000,0x00000000ec330000,0x00000000ec400000)
  to   space 1024K, 0% used [0x00000000ec400000,0x00000000ec400000,0x00000000ec500000)
 ParOldGen       total 68608K, used 16940K [0x00000000c0000000, 0x00000000c4300000, 0x00000000eab00000)
  object space 68608K, 24% used [0x00000000c0000000,0x00000000c108b150,0x00000000c4300000)
 Metaspace       used 42780K, committed 43712K, reserved 1114112K
  class space    used 4474K, committed 4864K, reserved 1048576K
}
Event: 4.452 GC heap before
{Heap before GC invocations=16 (full 2):
 PSYoungGen      total 23552K, used 22720K [0x00000000eab00000, 0x00000000ec500000, 0x0000000100000000)
  eden space 22016K, 100% used [0x00000000eab00000,0x00000000ec080000,0x00000000ec080000)
  from space 1536K, 45% used [0x00000000ec280000,0x00000000ec330000,0x00000000ec400000)
  to   space 1024K, 0% used [0x00000000ec400000,0x00000000ec400000,0x00000000ec500000)
 ParOldGen       total 68608K, used 16940K [0x00000000c0000000, 0x00000000c4300000, 0x00000000eab00000)
  object space 68608K, 24% used [0x00000000c0000000,0x00000000c108b150,0x00000000c4300000)
 Metaspace       used 44924K, committed 45760K, reserved 1114112K
  class space    used 4753K, committed 5120K, reserved 1048576K
}
Event: 4.453 GC heap after
{Heap after GC invocations=16 (full 2):
 PSYoungGen      total 23040K, used 736K [0x00000000eab00000, 0x00000000ec500000, 0x0000000100000000)
  eden space 22016K, 0% used [0x00000000eab00000,0x00000000eab00000,0x00000000ec080000)
  from space 1024K, 71% used [0x00000000ec400000,0x00000000ec4b8000,0x00000000ec500000)
  to   space 1024K, 0% used [0x00000000ec300000,0x00000000ec300000,0x00000000ec400000)
 ParOldGen       total 68608K, used 17452K [0x00000000c0000000, 0x00000000c4300000, 0x00000000eab00000)
  object space 68608K, 25% used [0x00000000c0000000,0x00000000c110b150,0x00000000c4300000)
 Metaspace       used 44924K, committed 45760K, reserved 1114112K
  class space    used 4753K, committed 5120K, reserved 1048576K
}
Event: 4.791 GC heap before
{Heap before GC invocations=17 (full 2):
 PSYoungGen      total 23040K, used 22752K [0x00000000eab00000, 0x00000000ec500000, 0x0000000100000000)
  eden space 22016K, 100% used [0x00000000eab00000,0x00000000ec080000,0x00000000ec080000)
  from space 1024K, 71% used [0x00000000ec400000,0x00000000ec4b8000,0x00000000ec500000)
  to   space 1024K, 0% used [0x00000000ec300000,0x00000000ec300000,0x00000000ec400000)
 ParOldGen       total 68608K, used 17452K [0x00000000c0000000, 0x00000000c4300000, 0x00000000eab00000)
  object space 68608K, 25% used [0x00000000c0000000,0x00000000c110b150,0x00000000c4300000)
 Metaspace       used 47502K, committed 48448K, reserved 1114112K
  class space    used 5094K, committed 5504K, reserved 1048576K
}
Event: 4.793 GC heap after
{Heap after GC invocations=17 (full 2):
 PSYoungGen      total 23040K, used 1024K [0x00000000eab00000, 0x00000000ec480000, 0x0000000100000000)
  eden space 22016K, 0% used [0x00000000eab00000,0x00000000eab00000,0x00000000ec080000)
  from space 1024K, 100% used [0x00000000ec300000,0x00000000ec400000,0x00000000ec400000)
  to   space 512K, 0% used [0x00000000ec400000,0x00000000ec400000,0x00000000ec480000)
 ParOldGen       total 68608K, used 18239K [0x00000000c0000000, 0x00000000c4300000, 0x00000000eab00000)
  object space 68608K, 26% used [0x00000000c0000000,0x00000000c11cfe60,0x00000000c4300000)
 Metaspace       used 47502K, committed 48448K, reserved 1114112K
  class space    used 5094K, committed 5504K, reserved 1048576K
}
Event: 5.120 GC heap before
{Heap before GC invocations=18 (full 2):
 PSYoungGen      total 23040K, used 23029K [0x00000000eab00000, 0x00000000ec480000, 0x0000000100000000)
  eden space 22016K, 99% used [0x00000000eab00000,0x00000000ec07d638,0x00000000ec080000)
  from space 1024K, 100% used [0x00000000ec300000,0x00000000ec400000,0x00000000ec400000)
  to   space 512K, 0% used [0x00000000ec400000,0x00000000ec400000,0x00000000ec480000)
 ParOldGen       total 68608K, used 18239K [0x00000000c0000000, 0x00000000c4300000, 0x00000000eab00000)
  object space 68608K, 26% used [0x00000000c0000000,0x00000000c11cfe60,0x00000000c4300000)
 Metaspace       used 49876K, committed 50816K, reserved 1114112K
  class space    used 5410K, committed 5824K, reserved 1048576K
}
Event: 5.122 GC heap after
{Heap after GC invocations=18 (full 2):
 PSYoungGen      total 22528K, used 503K [0x00000000eab00000, 0x00000000ec780000, 0x0000000100000000)
  eden space 22016K, 0% used [0x00000000eab00000,0x00000000eab00000,0x00000000ec080000)
  from space 512K, 98% used [0x00000000ec400000,0x00000000ec47dee0,0x00000000ec480000)
  to   space 3584K, 0% used [0x00000000ec080000,0x00000000ec080000,0x00000000ec400000)
 ParOldGen       total 68608K, used 20729K [0x00000000c0000000, 0x00000000c4300000, 0x00000000eab00000)
  object space 68608K, 30% used [0x00000000c0000000,0x00000000c143e4f0,0x00000000c4300000)
 Metaspace       used 49876K, committed 50816K, reserved 1114112K
  class space    used 5410K, committed 5824K, reserved 1048576K
}
Event: 5.517 GC heap before
{Heap before GC invocations=19 (full 2):
 PSYoungGen      total 22528K, used 22519K [0x00000000eab00000, 0x00000000ec780000, 0x0000000100000000)
  eden space 22016K, 100% used [0x00000000eab00000,0x00000000ec080000,0x00000000ec080000)
  from space 512K, 98% used [0x00000000ec400000,0x00000000ec47dee0,0x00000000ec480000)
  to   space 3584K, 0% used [0x00000000ec080000,0x00000000ec080000,0x00000000ec400000)
 ParOldGen       total 68608K, used 20729K [0x00000000c0000000, 0x00000000c4300000, 0x00000000eab00000)
  object space 68608K, 30% used [0x00000000c0000000,0x00000000c143e4f0,0x00000000c4300000)
 Metaspace       used 51939K, committed 52928K, reserved 1114112K
  class space    used 5637K, committed 6080K, reserved 1048576K
}
Event: 5.519 GC heap after
{Heap after GC invocations=19 (full 2):
 PSYoungGen      total 24064K, used 1744K [0x00000000eab00000, 0x00000000ec580000, 0x0000000100000000)
  eden space 22016K, 0% used [0x00000000eab00000,0x00000000eab00000,0x00000000ec080000)
  from space 2048K, 85% used [0x00000000ec080000,0x00000000ec234050,0x00000000ec280000)
  to   space 2560K, 0% used [0x00000000ec300000,0x00000000ec300000,0x00000000ec580000)
 ParOldGen       total 68608K, used 21258K [0x00000000c0000000, 0x00000000c4300000, 0x00000000eab00000)
  object space 68608K, 30% used [0x00000000c0000000,0x00000000c14c28e8,0x00000000c4300000)
 Metaspace       used 51939K, committed 52928K, reserved 1114112K
  class space    used 5637K, committed 6080K, reserved 1048576K
}
Event: 5.609 GC heap before
{Heap before GC invocations=20 (full 2):
 PSYoungGen      total 24064K, used 23760K [0x00000000eab00000, 0x00000000ec580000, 0x0000000100000000)
  eden space 22016K, 100% used [0x00000000eab00000,0x00000000ec080000,0x00000000ec080000)
  from space 2048K, 85% used [0x00000000ec080000,0x00000000ec234050,0x00000000ec280000)
  to   space 2560K, 0% used [0x00000000ec300000,0x00000000ec300000,0x00000000ec580000)
 ParOldGen       total 68608K, used 21258K [0x00000000c0000000, 0x00000000c4300000, 0x00000000eab00000)
  object space 68608K, 30% used [0x00000000c0000000,0x00000000c14c28e8,0x00000000c4300000)
 Metaspace       used 52114K, committed 53056K, reserved 1114112K
  class space    used 5657K, committed 6080K, reserved 1048576K
}
Event: 5.611 GC heap after
{Heap after GC invocations=20 (full 2):
 PSYoungGen      total 24064K, used 1952K [0x00000000eab00000, 0x00000000ec500000, 0x0000000100000000)
  eden space 22016K, 0% used [0x00000000eab00000,0x00000000eab00000,0x00000000ec080000)
  from space 2048K, 95% used [0x00000000ec300000,0x00000000ec4e8010,0x00000000ec500000)
  to   space 2048K, 0% used [0x00000000ec080000,0x00000000ec080000,0x00000000ec280000)
 ParOldGen       total 68608K, used 22859K [0x00000000c0000000, 0x00000000c4300000, 0x00000000eab00000)
  object space 68608K, 33% used [0x00000000c0000000,0x00000000c1652cd0,0x00000000c4300000)
 Metaspace       used 52114K, committed 53056K, reserved 1114112K
  class space    used 5657K, committed 6080K, reserved 1048576K
}
Event: 5.666 GC heap before
{Heap before GC invocations=21 (full 2):
 PSYoungGen      total 24064K, used 23968K [0x00000000eab00000, 0x00000000ec500000, 0x0000000100000000)
  eden space 22016K, 100% used [0x00000000eab00000,0x00000000ec080000,0x00000000ec080000)
  from space 2048K, 95% used [0x00000000ec300000,0x00000000ec4e8010,0x00000000ec500000)
  to   space 2048K, 0% used [0x00000000ec080000,0x00000000ec080000,0x00000000ec280000)
 ParOldGen       total 68608K, used 22859K [0x00000000c0000000, 0x00000000c4300000, 0x00000000eab00000)
  object space 68608K, 33% used [0x00000000c0000000,0x00000000c1652cd0,0x00000000c4300000)
 Metaspace       used 52140K, committed 53056K, reserved 1114112K
  class space    used 5657K, committed 6080K, reserved 1048576K
}
Event: 5.669 GC heap after
{Heap after GC invocations=21 (full 2):
 PSYoungGen      total 24064K, used 1984K [0x00000000eab00000, 0x00000000ec480000, 0x0000000100000000)
  eden space 22016K, 0% used [0x00000000eab00000,0x00000000eab00000,0x00000000ec080000)
  from space 2048K, 96% used [0x00000000ec080000,0x00000000ec270010,0x00000000ec280000)
  to   space 2048K, 0% used [0x00000000ec280000,0x00000000ec280000,0x00000000ec480000)
 ParOldGen       total 68608K, used 24643K [0x00000000c0000000, 0x00000000c4300000, 0x00000000eab00000)
  object space 68608K, 35% used [0x00000000c0000000,0x00000000c1810cd0,0x00000000c4300000)
 Metaspace       used 52140K, committed 53056K, reserved 1114112K
  class space    used 5657K, committed 6080K, reserved 1048576K
}
Event: 5.716 GC heap before
{Heap before GC invocations=22 (full 2):
 PSYoungGen      total 24064K, used 24000K [0x00000000eab00000, 0x00000000ec480000, 0x0000000100000000)
  eden space 22016K, 100% used [0x00000000eab00000,0x00000000ec080000,0x00000000ec080000)
  from space 2048K, 96% used [0x00000000ec080000,0x00000000ec270010,0x00000000ec280000)
  to   space 2048K, 0% used [0x00000000ec280000,0x00000000ec280000,0x00000000ec480000)
 ParOldGen       total 68608K, used 24643K [0x00000000c0000000, 0x00000000c4300000, 0x00000000eab00000)
  object space 68608K, 35% used [0x00000000c0000000,0x00000000c1810cd0,0x00000000c4300000)
 Metaspace       used 52197K, committed 53184K, reserved 1114112K
  class space    used 5668K, committed 6144K, reserved 1048576K
}
Event: 5.720 GC heap after
{Heap after GC invocations=22 (full 2):
 PSYoungGen      total 24064K, used 1984K [0x00000000eab00000, 0x00000000ec480000, 0x0000000100000000)
  eden space 22016K, 0% used [0x00000000eab00000,0x00000000eab00000,0x00000000ec080000)
  from space 2048K, 96% used [0x00000000ec280000,0x00000000ec470000,0x00000000ec480000)
  to   space 2048K, 0% used [0x00000000ec080000,0x00000000ec080000,0x00000000ec280000)
 ParOldGen       total 68608K, used 26555K [0x00000000c0000000, 0x00000000c4300000, 0x00000000eab00000)
  object space 68608K, 38% used [0x00000000c0000000,0x00000000c19eece0,0x00000000c4300000)
 Metaspace       used 52197K, committed 53184K, reserved 1114112K
  class space    used 5668K, committed 6144K, reserved 1048576K
}
Event: 5.764 GC heap before
{Heap before GC invocations=23 (full 2):
 PSYoungGen      total 24064K, used 24000K [0x00000000eab00000, 0x00000000ec480000, 0x0000000100000000)
  eden space 22016K, 100% used [0x00000000eab00000,0x00000000ec080000,0x00000000ec080000)
  from space 2048K, 96% used [0x00000000ec280000,0x00000000ec470000,0x00000000ec480000)
  to   space 2048K, 0% used [0x00000000ec080000,0x00000000ec080000,0x00000000ec280000)
 ParOldGen       total 68608K, used 26555K [0x00000000c0000000, 0x00000000c4300000, 0x00000000eab00000)
  object space 68608K, 38% used [0x00000000c0000000,0x00000000c19eece0,0x00000000c4300000)
 Metaspace       used 52198K, committed 53184K, reserved 1114112K
  class space    used 5668K, committed 6144K, reserved 1048576K
}

Dll operation events (10 events):
Event: 0.012 Loaded shared library c:\Users\willy\.vscode\extensions\redhat.java-1.29.0-win32-x64\jre\17.0.10-win32-x86_64\bin\java.dll
Event: 0.158 Loaded shared library c:\Users\willy\.vscode\extensions\redhat.java-1.29.0-win32-x64\jre\17.0.10-win32-x86_64\bin\zip.dll
Event: 0.161 Loaded shared library C:\Users\willy\.vscode\extensions\redhat.java-1.29.0-win32-x64\jre\17.0.10-win32-x86_64\bin\instrument.dll
Event: 0.175 Loaded shared library C:\Users\willy\.vscode\extensions\redhat.java-1.29.0-win32-x64\jre\17.0.10-win32-x86_64\bin\net.dll
Event: 0.179 Loaded shared library C:\Users\willy\.vscode\extensions\redhat.java-1.29.0-win32-x64\jre\17.0.10-win32-x86_64\bin\nio.dll
Event: 0.187 Loaded shared library C:\Users\willy\.vscode\extensions\redhat.java-1.29.0-win32-x64\jre\17.0.10-win32-x86_64\bin\zip.dll
Event: 0.207 Loaded shared library C:\Users\willy\.vscode\extensions\redhat.java-1.29.0-win32-x64\jre\17.0.10-win32-x86_64\bin\jimage.dll
Event: 0.301 Loaded shared library c:\Users\willy\.vscode\extensions\redhat.java-1.29.0-win32-x64\jre\17.0.10-win32-x86_64\bin\verify.dll
Event: 1.190 Loaded shared library C:\Users\willy\AppData\Roaming\Code\User\globalStorage\redhat.java\1.29.0\config_win\org.eclipse.equinox.launcher\org.eclipse.equinox.launcher.win32.win32.x86_64_1.2.900.v20240213-1244\eclipse_11900.dll
Event: 3.386 Loaded shared library C:\Users\willy\AppData\Local\Temp\jna-113134311\jna3935485597726622825.dll

Deoptimization events (20 events):
Event: 5.588 Thread 0x000001b5b752a520 Uncommon trap: trap_request=0xffffff6e fr.pc=0x000001b5a62bb910 relative=0x00000000000001f0
Event: 5.588 Thread 0x000001b5b752a520 Uncommon trap: reason=loop_limit_check action=maybe_recompile pc=0x000001b5a62bb910 method=org.eclipse.jdt.internal.core.util.HashtableOfArrayToObject.hashCode([Ljava/lang/Object;I)I @ 27 c2
Event: 5.588 Thread 0x000001b5b752a520 DEOPT PACKING pc=0x000001b5a62bb910 sp=0x00000042cfefdcb0
Event: 5.588 Thread 0x000001b5b752a520 DEOPT UNPACKING pc=0x000001b5a5cd66a3 sp=0x00000042cfefdc38 mode 2
Event: 5.684 Thread 0x000001b5b752a520 Uncommon trap: trap_request=0xffffffc6 fr.pc=0x000001b5a64b6620 relative=0x0000000000000440
Event: 5.684 Thread 0x000001b5b752a520 Uncommon trap: reason=bimorphic_or_optimized_type_check action=maybe_recompile pc=0x000001b5a64b6620 method=java.util.HashMap.removeNode(ILjava/lang/Object;Ljava/lang/Object;ZZ)Ljava/util/HashMap$Node; @ 283 c2
Event: 5.684 Thread 0x000001b5b752a520 DEOPT PACKING pc=0x000001b5a64b6620 sp=0x00000042cfefec80
Event: 5.684 Thread 0x000001b5b752a520 DEOPT UNPACKING pc=0x000001b5a5cd66a3 sp=0x00000042cfefec28 mode 2
Event: 5.684 Thread 0x000001b5b752a520 Uncommon trap: trap_request=0xffffffc6 fr.pc=0x000001b5a64b6620 relative=0x0000000000000440
Event: 5.684 Thread 0x000001b5b752a520 Uncommon trap: reason=bimorphic_or_optimized_type_check action=maybe_recompile pc=0x000001b5a64b6620 method=java.util.HashMap.removeNode(ILjava/lang/Object;Ljava/lang/Object;ZZ)Ljava/util/HashMap$Node; @ 283 c2
Event: 5.684 Thread 0x000001b5b752a520 DEOPT PACKING pc=0x000001b5a64b6620 sp=0x00000042cfefec80
Event: 5.684 Thread 0x000001b5b752a520 DEOPT UNPACKING pc=0x000001b5a5cd66a3 sp=0x00000042cfefec28 mode 2
Event: 5.684 Thread 0x000001b5b752a520 Uncommon trap: trap_request=0xffffffc6 fr.pc=0x000001b5a64b6620 relative=0x0000000000000440
Event: 5.684 Thread 0x000001b5b752a520 Uncommon trap: reason=bimorphic_or_optimized_type_check action=maybe_recompile pc=0x000001b5a64b6620 method=java.util.HashMap.removeNode(ILjava/lang/Object;Ljava/lang/Object;ZZ)Ljava/util/HashMap$Node; @ 283 c2
Event: 5.684 Thread 0x000001b5b752a520 DEOPT PACKING pc=0x000001b5a64b6620 sp=0x00000042cfefec80
Event: 5.684 Thread 0x000001b5b752a520 DEOPT UNPACKING pc=0x000001b5a5cd66a3 sp=0x00000042cfefec28 mode 2
Event: 5.684 Thread 0x000001b5b752a520 Uncommon trap: trap_request=0xffffffc6 fr.pc=0x000001b5a64b6620 relative=0x0000000000000440
Event: 5.684 Thread 0x000001b5b752a520 Uncommon trap: reason=bimorphic_or_optimized_type_check action=maybe_recompile pc=0x000001b5a64b6620 method=java.util.HashMap.removeNode(ILjava/lang/Object;Ljava/lang/Object;ZZ)Ljava/util/HashMap$Node; @ 283 c2
Event: 5.684 Thread 0x000001b5b752a520 DEOPT PACKING pc=0x000001b5a64b6620 sp=0x00000042cfefec80
Event: 5.684 Thread 0x000001b5b752a520 DEOPT UNPACKING pc=0x000001b5a5cd66a3 sp=0x00000042cfefec28 mode 2

Classes unloaded (7 events):
Event: 2.175 Thread 0x000001b59bb6e850 Unloading class 0x0000000100248400 'java/lang/invoke/LambdaForm$MH+0x0000000100248400'
Event: 2.175 Thread 0x000001b59bb6e850 Unloading class 0x0000000100248000 'java/lang/invoke/LambdaForm$MH+0x0000000100248000'
Event: 2.175 Thread 0x000001b59bb6e850 Unloading class 0x0000000100247c00 'java/lang/invoke/LambdaForm$MH+0x0000000100247c00'
Event: 2.175 Thread 0x000001b59bb6e850 Unloading class 0x0000000100247800 'java/lang/invoke/LambdaForm$MH+0x0000000100247800'
Event: 2.175 Thread 0x000001b59bb6e850 Unloading class 0x0000000100247400 'java/lang/invoke/LambdaForm$BMH+0x0000000100247400'
Event: 2.175 Thread 0x000001b59bb6e850 Unloading class 0x0000000100247000 'java/lang/invoke/LambdaForm$DMH+0x0000000100247000'
Event: 2.175 Thread 0x000001b59bb6e850 Unloading class 0x0000000100244400 'java/lang/invoke/LambdaForm$DMH+0x0000000100244400'

Classes redefined (0 events):
No events

Internal exceptions (20 events):
Event: 3.726 Thread 0x000001b5b752b960 Exception <a 'java/lang/NoSuchMethodError'{0x00000000eab4f678}: 'java.lang.Object java.lang.invoke.DelegatingMethodHandle$Holder.delegate(java.lang.Object, int, java.lang.Object, java.lang.Object)'> (0x00000000eab4f678) 
thrown [s\src\hotspot\share\interpreter\linkResolver.cpp, line 759]
Event: 3.729 Thread 0x000001b5b752b960 Exception <a 'java/lang/NoSuchMethodError'{0x00000000eabc6130}: 'int java.lang.invoke.Invokers$Holder.linkToTargetMethod(java.lang.Object, java.lang.Object, java.lang.Object)'> (0x00000000eabc6130) 
thrown [s\src\hotspot\share\interpreter\linkResolver.cpp, line 759]
Event: 3.744 Thread 0x000001b59bab15e0 Exception <a 'java/lang/NoSuchMethodError'{0x00000000ead49778}: 'void java.lang.invoke.DirectMethodHandle$Holder.invokeSpecial(java.lang.Object, java.lang.Object, java.lang.Object, java.lang.Object, java.lang.Object, java.lang.Object)'> (0x00000000ead49778) 
thrown [s\src\hotspot\share\interpreter\linkResolver.cpp, line 759]
Event: 3.745 Thread 0x000001b59bab15e0 Exception <a 'java/lang/IncompatibleClassChangeError'{0x00000000ead53288}: Found class java.lang.Object, but interface was expected> (0x00000000ead53288) 
thrown [s\src\hotspot\share\interpreter\linkResolver.cpp, line 826]
Event: 3.758 Thread 0x000001b5b75295f0 Exception <a 'java/lang/NoSuchMethodError'{0x00000000eae8db58}: 'java.lang.Object java.lang.invoke.DirectMethodHandle$Holder.invokeSpecialIFC(java.lang.Object, java.lang.Object, java.lang.Object, java.lang.Object)'> (0x00000000eae8db58) 
thrown [s\src\hotspot\share\interpreter\linkResolver.cpp, line 759]
Event: 3.923 Thread 0x000001b5b75295f0 Exception <a 'java/lang/NoSuchMethodError'{0x00000000ec053100}: 'int java.lang.invoke.DirectMethodHandle$Holder.invokeSpecialIFC(java.lang.Object, java.lang.Object, java.lang.Object, java.lang.Object, java.lang.Object)'> (0x00000000ec053100) 
thrown [s\src\hotspot\share\interpreter\linkResolver.cpp, line 759]
Event: 4.046 Thread 0x000001b5b75295f0 Exception <a 'java/lang/NoClassDefFoundError'{0x00000000eb07bf00}: javax/enterprise/inject/Typed> (0x00000000eb07bf00) 
thrown [s\src\hotspot\share\classfile\systemDictionary.cpp, line 245]
Event: 4.608 Thread 0x000001b5b75295f0 Exception <a 'java/lang/NoSuchMethodError'{0x00000000eb73ce98}: 'void java.lang.invoke.DirectMethodHandle$Holder.invokeStaticInit(java.lang.Object, java.lang.Object, java.lang.Object)'> (0x00000000eb73ce98) 
thrown [s\src\hotspot\share\interpreter\linkResolver.cpp, line 759]
Event: 4.611 Thread 0x000001b5b75295f0 Exception <a 'java/lang/ExceptionInInitializerError'{0x00000000eb773560}> (0x00000000eb773560) 
thrown [s\src\hotspot\share\oops\instanceKlass.cpp, line 1218]
Event: 4.631 Thread 0x000001b5b75295f0 Implicit null exception at 0x000001b5a633642f to 0x000001b5a63365bc
Event: 4.631 Thread 0x000001b5b75295f0 Implicit null exception at 0x000001b5a62b3909 to 0x000001b5a62b4cac
Event: 4.634 Thread 0x000001b5b75295f0 Exception <a 'java/lang/NoSuchMethodError'{0x00000000eb8fbbe8}: 'java.lang.Object java.lang.invoke.Invokers$Holder.invokeExact_MT(java.lang.Object, int, java.lang.Object)'> (0x00000000eb8fbbe8) 
thrown [s\src\hotspot\share\interpreter\linkResolver.cpp, line 759]
Event: 4.866 Thread 0x000001b5b75295f0 Exception <a 'java/lang/NoClassDefFoundError'{0x00000000eaf749c0}: com/google/inject/servlet/ServletModuleTargetVisitor> (0x00000000eaf749c0) 
thrown [s\src\hotspot\share\classfile\systemDictionary.cpp, line 245]
Event: 5.066 Thread 0x000001b5b7528bd0 Exception <a 'java/io/FileNotFoundException'{0x00000000ebe2b270}> (0x00000000ebe2b270) 
thrown [s\src\hotspot\share\prims\jni.cpp, line 516]
Event: 5.218 Thread 0x000001b5b752a520 Exception <a 'java/lang/NoSuchMethodError'{0x00000000eade3408}: 'int java.lang.invoke.DirectMethodHandle$Holder.invokeSpecialIFC(java.lang.Object, java.lang.Object, java.lang.Object, java.lang.Object)'> (0x00000000eade3408) 
thrown [s\src\hotspot\share\interpreter\linkResolver.cpp, line 759]
Event: 5.264 Thread 0x000001b5b752a520 Exception <a 'java/lang/NoSuchMethodError'{0x00000000eafc4500}: 'int java.lang.invoke.DirectMethodHandle$Holder.invokeInterface(java.lang.Object, java.lang.Object)'> (0x00000000eafc4500) 
thrown [s\src\hotspot\share\interpreter\linkResolver.cpp, line 759]
Event: 5.265 Thread 0x000001b5b752a520 Exception <a 'java/lang/IncompatibleClassChangeError'{0x00000000eafc7a70}: Found class java.lang.Object, but interface was expected> (0x00000000eafc7a70) 
thrown [s\src\hotspot\share\interpreter\linkResolver.cpp, line 826]
Event: 5.344 Thread 0x000001b5b752a520 Exception <a 'java/lang/NoSuchMethodError'{0x00000000eb37b070}: 'java.lang.Object java.lang.invoke.Invokers$Holder.invoke_MT(java.lang.Object, java.lang.Object, java.lang.Object)'> (0x00000000eb37b070) 
thrown [s\src\hotspot\share\interpreter\linkResolver.cpp, line 759]
Event: 5.567 Thread 0x000001b5b752a520 Exception <a 'java/io/FileNotFoundException'{0x00000000eb761f40}> (0x00000000eb761f40) 
thrown [s\src\hotspot\share\prims\jni.cpp, line 516]
Event: 5.567 Thread 0x000001b5b752a520 Exception <a 'java/io/FileNotFoundException'{0x00000000eb763488}> (0x00000000eb763488) 
thrown [s\src\hotspot\share\prims\jni.cpp, line 516]

VM Operations (20 events):
Event: 5.057 Executing VM operation: HandshakeAllThreads done
Event: 5.120 Executing VM operation: ParallelGCFailedAllocation
Event: 5.123 Executing VM operation: ParallelGCFailedAllocation done
Event: 5.331 Executing VM operation: HandshakeAllThreads
Event: 5.331 Executing VM operation: HandshakeAllThreads done
Event: 5.355 Executing VM operation: HandshakeAllThreads
Event: 5.355 Executing VM operation: HandshakeAllThreads done
Event: 5.355 Executing VM operation: HandshakeAllThreads
Event: 5.355 Executing VM operation: HandshakeAllThreads done
Event: 5.387 Executing VM operation: HandshakeAllThreads
Event: 5.388 Executing VM operation: HandshakeAllThreads done
Event: 5.516 Executing VM operation: ParallelGCFailedAllocation
Event: 5.519 Executing VM operation: ParallelGCFailedAllocation done
Event: 5.609 Executing VM operation: ParallelGCFailedAllocation
Event: 5.611 Executing VM operation: ParallelGCFailedAllocation done
Event: 5.666 Executing VM operation: ParallelGCFailedAllocation
Event: 5.669 Executing VM operation: ParallelGCFailedAllocation done
Event: 5.716 Executing VM operation: ParallelGCFailedAllocation
Event: 5.720 Executing VM operation: ParallelGCFailedAllocation done
Event: 5.764 Executing VM operation: ParallelGCFailedAllocation

Events (20 events):
Event: 5.355 loading class jdk/internal/jimage/ImageReader$Directory
Event: 5.356 loading class jdk/internal/jimage/ImageReader$Directory done
Event: 5.388 loading class java/nio/file/FileTreeWalker$DirectoryNode
Event: 5.388 loading class java/nio/file/FileTreeWalker$DirectoryNode done
Event: 5.388 loading class java/nio/file/FileTreeWalker$Event
Event: 5.388 loading class java/nio/file/FileTreeWalker$Event done
Event: 5.388 loading class java/nio/file/FileTreeWalker$EventType
Event: 5.388 loading class java/nio/file/FileTreeWalker$EventType done
Event: 5.388 loading class java/nio/file/Files$3
Event: 5.389 loading class java/nio/file/Files$3 done
Event: 5.389 loading class java/nio/file/FileVisitResult
Event: 5.389 loading class java/nio/file/FileVisitResult done
Event: 5.434 loading class java/util/regex/Pattern$BackRef
Event: 5.434 loading class java/util/regex/Pattern$BackRef done
Event: 5.489 loading class java/nio/channels/Channels$ReadableByteChannelImpl
Event: 5.489 loading class java/nio/channels/Channels$ReadableByteChannelImpl done
Event: 5.489 loading class java/nio/channels/NonWritableChannelException
Event: 5.489 loading class java/nio/channels/NonWritableChannelException done
Event: 5.489 loading class sun/nio/ch/ChannelInputStream
Event: 5.489 loading class sun/nio/ch/ChannelInputStream done


Dynamic libraries:
0x00007ff642020000 - 0x00007ff64202e000 	c:\Users\willy\.vscode\extensions\redhat.java-1.29.0-win32-x64\jre\17.0.10-win32-x86_64\bin\java.exe
0x00007ff93a1d0000 - 0x00007ff93a3c8000 	C:\WINDOWS\SYSTEM32\ntdll.dll
0x00007ff938420000 - 0x00007ff9384dd000 	C:\WINDOWS\System32\KERNEL32.DLL
0x00007ff9378d0000 - 0x00007ff937bc6000 	C:\WINDOWS\System32\KERNELBASE.dll
0x00007ff938060000 - 0x00007ff938160000 	C:\WINDOWS\System32\ucrtbase.dll
0x00007ff915710000 - 0x00007ff91572b000 	c:\Users\willy\.vscode\extensions\redhat.java-1.29.0-win32-x64\jre\17.0.10-win32-x86_64\bin\VCRUNTIME140.dll
0x00007ff92f460000 - 0x00007ff92f477000 	c:\Users\willy\.vscode\extensions\redhat.java-1.29.0-win32-x64\jre\17.0.10-win32-x86_64\bin\jli.dll
0x00007ff939310000 - 0x00007ff9394af000 	C:\WINDOWS\System32\USER32.dll
0x00007ff936c50000 - 0x00007ff936eea000 	C:\WINDOWS\WinSxS\amd64_microsoft.windows.common-controls_6595b64144ccf1df_6.0.19041.3636_none_60b6a03d71f818d5\COMCTL32.dll
0x00007ff937e10000 - 0x00007ff937e32000 	C:\WINDOWS\System32\win32u.dll
0x00007ff938ae0000 - 0x00007ff938b7e000 	C:\WINDOWS\System32\msvcrt.dll
0x00007ff9392d0000 - 0x00007ff9392fb000 	C:\WINDOWS\System32\GDI32.dll
0x00007ff937f40000 - 0x00007ff938057000 	C:\WINDOWS\System32\gdi32full.dll
0x00007ff938160000 - 0x00007ff9381fd000 	C:\WINDOWS\System32\msvcp_win.dll
0x00007ff938380000 - 0x00007ff9383b2000 	C:\WINDOWS\System32\IMM32.DLL
0x00007ff934240000 - 0x00007ff93424c000 	c:\Users\willy\.vscode\extensions\redhat.java-1.29.0-win32-x64\jre\17.0.10-win32-x86_64\bin\vcruntime140_1.dll
0x00007ff902aa0000 - 0x00007ff902b2d000 	c:\Users\willy\.vscode\extensions\redhat.java-1.29.0-win32-x64\jre\17.0.10-win32-x86_64\bin\msvcp140.dll
0x00007ff8bb660000 - 0x00007ff8bc2c2000 	c:\Users\willy\.vscode\extensions\redhat.java-1.29.0-win32-x64\jre\17.0.10-win32-x86_64\bin\server\jvm.dll
0x00007ff9391f0000 - 0x00007ff9392a0000 	C:\WINDOWS\System32\ADVAPI32.dll
0x00007ff939f30000 - 0x00007ff939fd0000 	C:\WINDOWS\System32\sechost.dll
0x00007ff939fd0000 - 0x00007ff93a0f3000 	C:\WINDOWS\System32\RPCRT4.dll
0x00007ff937bd0000 - 0x00007ff937bf7000 	C:\WINDOWS\System32\bcrypt.dll
0x00007ff937480000 - 0x00007ff9374cb000 	C:\WINDOWS\SYSTEM32\POWRPROF.dll
0x00007ff92eb30000 - 0x00007ff92eb3a000 	C:\WINDOWS\SYSTEM32\VERSION.dll
0x00007ff92e7e0000 - 0x00007ff92e7e9000 	C:\WINDOWS\SYSTEM32\WSOCK32.dll
0x00007ff931500000 - 0x00007ff931527000 	C:\WINDOWS\SYSTEM32\WINMM.dll
0x00007ff938c50000 - 0x00007ff938cbb000 	C:\WINDOWS\System32\WS2_32.dll
0x00007ff936ef0000 - 0x00007ff936f02000 	C:\WINDOWS\SYSTEM32\UMPDC.dll
0x00007ff934970000 - 0x00007ff934982000 	C:\WINDOWS\SYSTEM32\kernel.appcore.dll
0x00007ff92e650000 - 0x00007ff92e65a000 	c:\Users\willy\.vscode\extensions\redhat.java-1.29.0-win32-x64\jre\17.0.10-win32-x86_64\bin\jimage.dll
0x00007ff937290000 - 0x00007ff937474000 	C:\WINDOWS\SYSTEM32\DBGHELP.DLL
0x00007ff937020000 - 0x00007ff937054000 	C:\WINDOWS\SYSTEM32\dbgcore.DLL
0x00007ff937eb0000 - 0x00007ff937f32000 	C:\WINDOWS\System32\bcryptPrimitives.dll
0x00007ff92d9a0000 - 0x00007ff92d9ae000 	c:\Users\willy\.vscode\extensions\redhat.java-1.29.0-win32-x64\jre\17.0.10-win32-x86_64\bin\instrument.dll
0x00007ff90fd90000 - 0x00007ff90fdb5000 	c:\Users\willy\.vscode\extensions\redhat.java-1.29.0-win32-x64\jre\17.0.10-win32-x86_64\bin\java.dll
0x00007ff914c00000 - 0x00007ff914c18000 	c:\Users\willy\.vscode\extensions\redhat.java-1.29.0-win32-x64\jre\17.0.10-win32-x86_64\bin\zip.dll
0x00007ff9397c0000 - 0x00007ff939f2b000 	C:\WINDOWS\System32\SHELL32.dll
0x00007ff934b70000 - 0x00007ff93530e000 	C:\WINDOWS\SYSTEM32\windows.storage.dll
0x00007ff938e90000 - 0x00007ff9391e3000 	C:\WINDOWS\System32\combase.dll
0x00007ff936bb0000 - 0x00007ff936bde000 	C:\WINDOWS\SYSTEM32\Wldp.dll
0x00007ff938b80000 - 0x00007ff938c4d000 	C:\WINDOWS\System32\OLEAUT32.dll
0x00007ff938de0000 - 0x00007ff938e8d000 	C:\WINDOWS\System32\SHCORE.dll
0x00007ff938320000 - 0x00007ff938375000 	C:\WINDOWS\System32\shlwapi.dll
0x00007ff9377b0000 - 0x00007ff9377d3000 	C:\WINDOWS\SYSTEM32\profapi.dll
0x00007ff911d50000 - 0x00007ff911d69000 	C:\Users\willy\.vscode\extensions\redhat.java-1.29.0-win32-x64\jre\17.0.10-win32-x86_64\bin\net.dll
0x00007ff92fba0000 - 0x00007ff92fcaa000 	C:\WINDOWS\SYSTEM32\WINHTTP.dll
0x00007ff936a80000 - 0x00007ff936aea000 	C:\WINDOWS\system32\mswsock.dll
0x00007ff911b80000 - 0x00007ff911b96000 	C:\Users\willy\.vscode\extensions\redhat.java-1.29.0-win32-x64\jre\17.0.10-win32-x86_64\bin\nio.dll
0x00007ff917070000 - 0x00007ff917080000 	c:\Users\willy\.vscode\extensions\redhat.java-1.29.0-win32-x64\jre\17.0.10-win32-x86_64\bin\verify.dll
0x00007ff90b9f0000 - 0x00007ff90ba2e000 	C:\Users\willy\AppData\Roaming\Code\User\globalStorage\redhat.java\1.29.0\config_win\org.eclipse.equinox.launcher\org.eclipse.equinox.launcher.win32.win32.x86_64_1.2.900.v20240213-1244\eclipse_11900.dll
0x00007ff9384e0000 - 0x00007ff93860b000 	C:\WINDOWS\System32\ole32.dll
0x00007ff9375f0000 - 0x00007ff937608000 	C:\WINDOWS\SYSTEM32\CRYPTSP.dll
0x00007ff936290000 - 0x00007ff9362c4000 	C:\WINDOWS\system32\rsaenh.dll
0x00007ff937730000 - 0x00007ff93775e000 	C:\WINDOWS\SYSTEM32\USERENV.dll
0x00007ff936b70000 - 0x00007ff936b7c000 	C:\WINDOWS\SYSTEM32\CRYPTBASE.dll
0x00007ff9365f0000 - 0x00007ff93662b000 	C:\WINDOWS\SYSTEM32\IPHLPAPI.DLL
0x00007ff939300000 - 0x00007ff939308000 	C:\WINDOWS\System32\NSI.dll
0x00007ff92ffc0000 - 0x00007ff92ffd7000 	C:\WINDOWS\SYSTEM32\dhcpcsvc6.DLL
0x00007ff930d90000 - 0x00007ff930dad000 	C:\WINDOWS\SYSTEM32\dhcpcsvc.DLL
0x00007ff936630000 - 0x00007ff9366fb000 	C:\WINDOWS\SYSTEM32\DNSAPI.dll
0x00007ff9038b0000 - 0x00007ff9038f5000 	C:\Users\willy\AppData\Local\Temp\jna-113134311\jna3935485597726622825.dll
0x00007ff938200000 - 0x00007ff938208000 	C:\WINDOWS\System32\PSAPI.DLL

dbghelp: loaded successfully - version: 4.0.5 - missing functions: none
symbol engine: initialized successfully - sym options: 0x614 - pdb path: .;c:\Users\willy\.vscode\extensions\redhat.java-1.29.0-win32-x64\jre\17.0.10-win32-x86_64\bin;C:\WINDOWS\SYSTEM32;C:\WINDOWS\WinSxS\amd64_microsoft.windows.common-controls_6595b64144ccf1df_6.0.19041.3636_none_60b6a03d71f818d5;c:\Users\willy\.vscode\extensions\redhat.java-1.29.0-win32-x64\jre\17.0.10-win32-x86_64\bin\server;C:\Users\willy\AppData\Roaming\Code\User\globalStorage\redhat.java\1.29.0\config_win\org.eclipse.equinox.launcher\org.eclipse.equinox.launcher.win32.win32.x86_64_1.2.900.v20240213-1244;C:\Users\willy\AppData\Local\Temp\jna-113134311

VM Arguments:
jvm_args: --add-modules=ALL-SYSTEM --add-opens=java.base/java.util=ALL-UNNAMED --add-opens=java.base/java.lang=ALL-UNNAMED --add-opens=java.base/sun.nio.fs=ALL-UNNAMED -Declipse.application=org.eclipse.jdt.ls.core.id1 -Dosgi.bundles.defaultStartLevel=4 -Declipse.product=org.eclipse.jdt.ls.core.product -Djava.import.generatesMetadataFilesAtProjectRoot=false -DDetectVMInstallationsJob.disabled=true -Dfile.encoding=utf8 -XX:+UseParallelGC -XX:GCTimeRatio=4 -XX:AdaptiveSizePolicyWeight=90 -Dsun.zip.disableMemoryMapping=true -Xmx1G -Xms100m -Xlog:disable -javaagent:c:\Users\willy\.vscode\extensions\redhat.java-1.29.0-win32-x64\lombok\lombok-1.18.32.jar -XX:+HeapDumpOnOutOfMemoryError -XX:HeapDumpPath=c:\Users\willy\AppData\Roaming\Code\User\workspaceStorage\96770c8bf1765a15b59ed7d6b6e8912e\redhat.java -Daether.dependencyCollector.impl=bf 
java_command: c:\Users\willy\.vscode\extensions\redhat.java-1.29.0-win32-x64\server\plugins\org.eclipse.equinox.launcher_1.6.800.v20240304-1850.jar -configuration c:\Users\willy\AppData\Roaming\Code\User\globalStorage\redhat.java\1.29.0\config_win -data c:\Users\willy\AppData\Roaming\Code\User\workspaceStorage\96770c8bf1765a15b59ed7d6b6e8912e\redhat.java\jdt_ws --stdio
java_class_path (initial): c:\Users\willy\.vscode\extensions\redhat.java-1.29.0-win32-x64\server\plugins\org.eclipse.equinox.launcher_1.6.800.v20240304-1850.jar
Launcher Type: SUN_STANDARD

[Global flags]
    uintx AdaptiveSizePolicyWeight                 = 90                                        {product} {command line}
     intx CICompilerCount                          = 4                                         {product} {ergonomic}
    uintx GCTimeRatio                              = 4                                         {product} {command line}
     bool HeapDumpOnOutOfMemoryError               = true                                   {manageable} {command line}
    ccstr HeapDumpPath                             = c:\Users\willy\AppData\Roaming\Code\User\workspaceStorage\96770c8bf1765a15b59ed7d6b6e8912e\redhat.java         {manageable} {command line}
   size_t InitialHeapSize                          = 104857600                                 {product} {command line}
   size_t MaxHeapSize                              = 1073741824                                {product} {command line}
   size_t MaxNewSize                               = 357564416                                 {product} {ergonomic}
   size_t MinHeapDeltaBytes                        = 524288                                    {product} {ergonomic}
   size_t MinHeapSize                              = 104857600                                 {product} {command line}
   size_t NewSize                                  = 34603008                                  {product} {ergonomic}
    uintx NonNMethodCodeHeapSize                   = 5839372                                {pd product} {ergonomic}
    uintx NonProfiledCodeHeapSize                  = 122909434                              {pd product} {ergonomic}
   size_t OldSize                                  = 70254592                                  {product} {ergonomic}
    uintx ProfiledCodeHeapSize                     = 122909434                              {pd product} {ergonomic}
    uintx ReservedCodeCacheSize                    = 251658240                              {pd product} {ergonomic}
     bool SegmentedCodeCache                       = true                                      {product} {ergonomic}
   size_t SoftMaxHeapSize                          = 1073741824                             {manageable} {ergonomic}
     bool UseCompressedClassPointers               = true                           {product lp64_product} {ergonomic}
     bool UseCompressedOops                        = true                           {product lp64_product} {ergonomic}
     bool UseLargePagesIndividualAllocation        = false                                  {pd product} {ergonomic}
     bool UseParallelGC                            = true                                      {product} {command line}

Logging:
Log output configuration:
 #0: stdout all=off uptime,level,tags
 #1: stderr all=off uptime,level,tags

Environment Variables:
PATH=C:\Program Files\Common Files\Oracle\Java\javapath;C:\WINDOWS\system32;C:\WINDOWS;C:\WINDOWS\System32\Wbem;C:\WINDOWS\System32\WindowsPowerShell\v1.0\;C:\WINDOWS\System32\OpenSSH\;C:\Users\willy\AppData\Local\Microsoft\WindowsApps;C:\Users\willy\AppData\Local\Programs\Microsoft VS Code\bin
USERNAME=willy
OS=Windows_NT
PROCESSOR_IDENTIFIER=AMD64 Family 23 Model 8 Stepping 2, AuthenticAMD
TMP=C:\Users\willy\AppData\Local\Temp
TEMP=C:\Users\willy\AppData\Local\Temp



Periodic native trim disabled


---------------  S Y S T E M  ---------------

OS:
 Windows 10 , 64 bit Build 19041 (10.0.19041.3636)
OS uptime: 0 days 0:58 hours

CPU: total 12 (initial active 12) (12 cores per cpu, 2 threads per core) family 23 model 8 stepping 2 microcode 0x0, cx8, cmov, fxsr, ht, mmx, 3dnowpref, sse, sse2, sse3, ssse3, sse4a, sse4.1, sse4.2, popcnt, lzcnt, tsc, tscinvbit, avx, avx2, aes, clmul, bmi1, bmi2, adx, sha, fma, vzeroupper, clflush, clflushopt
Processor Information for all 12 processors :
  Max Mhz: 3400, Current Mhz: 3400, Mhz Limit: 3400

Memory: 4k page, system-wide physical 24508M (15228M free)
TotalPageFile size 28476M (AvailPageFile size 15115M)
current process WorkingSet (physical memory assigned to process): 210M, peak: 236M
current process commit charge ("private bytes"): 298M, peak: 338M

vm_info: OpenJDK 64-Bit Server VM (17.0.10+7) for windows-amd64 JRE (17.0.10+7), built on Jan 16 2024 23:25:11 by "admin" with MS VC++ 16.10 / 16.11 (VS2019)

END.
